[platform] detected 'win' -> win-wsl2-x86_64  (render-engine: ogre2)
[OK] TurtleBot4 bringup package found: turtlebot4_ignition_bringup
[demo-tb4] ══════════════════════════════════════════
[demo-tb4] Modèle : standard  |  Monde : rescue_arena
[demo-tb4] Waypoints : waypoints_tb4_rescue_arena.yaml
[demo-tb4] Logs : /tmp/ia712_demo_f8XM
[demo-tb4] ══════════════════════════════════════════

[1/8] robot_state_publisher : fourni par turtlebot4_spawn (pas de doublon)
[2/8] Ignition Gazebo server (-s, monde=rescue_arena, render=ogre2)...
  PID=10009 — attente 12 s
[3/8] Clock bridge + spawn via turtlebot4_spawn.launch.py...
  spawn PID=10173 — attente 20 s (bridges + controllers)
/home/julien/projet_robotique_mobile/run/bl/autonomous-search-and-rescue/scripts/sh/run_demo_tb4.sh: line 249: 10009 Killed                  ign gazebo -s -r -v 2 --render-engine "${RENDER_ENGINE}" "${WORLD_SDF}" > "${LOGDIR}/ign.log" 2>&1
/home/julien/projet_robotique_mobile/run/bl/autonomous-search-and-rescue/scripts/sh/run_demo_tb4.sh: line 249: 10087 Killed                  ros2 run ros_gz_bridge parameter_bridge "/clock@rosgraph_msgs/msg/Clock[ignition.msgs.Clock" > "${LOGDIR}/clock.log" 2>&1
[4/8] Bridges capteurs (lidar → /scan_raw → throttle → /scan)...
/home/julien/projet_robotique_mobile/run/bl/autonomous-search-and-rescue/scripts/sh/run_demo_tb4.sh: line 270: 10173 Killed                  ros2 launch turtlebot4_ignition_bringup turtlebot4_spawn.launch.py namespace:="${NAMESPACE}" model:="${MODEL}" x:="${IA712_SPAWN_X:-0.0}" y:="${IA712_SPAWN_Y:-0.0}" z:="0.05" yaw:="${IA712_SPAWN_YAW:-0.0}" > "${LOGDIR}/spawn.log" 2>&1
  lidar  Ignition: /world/rescue_arena/model/turtlebot4/link/rplidar_link/sensor/rplidar/scan
  camera Ignition: /world/rescue_arena/model/turtlebot4/link/oakd_rgb_camera_frame/sensor/rgbd_camera/image
  scan frame_id  : turtlebot4/rplidar_link/rplidar
  Topics: /clock(1) /scan(1) /camera/image_raw(1) /turtlebot4/odom(0) 
[5/8] Static TF bridges + relays...
  TF chain: [WARN] incomplète, SLAM attendra
[6/8] SLAM Toolbox + Nav2 (params TB4, recovery=wait uniquement)...
  PID=13474 — attente 50 s lifecycle
  Nav2 ACTIF
  Map SLAM: 238 cellules
[7/8] RViz2 + nœuds résultats...
  RViz désactivé (IA712_RVIZ=0) — run sans rendu
  [WARN] RViz2 mort — voir /tmp/ia712_demo_f8XM/rviz2.log
[7b/8] Perception + Behavior Tree (passifs)...
  apriltag_node PID=14166 VIVANT (tag36h11 → /detections)
  victim_registry PID=14200 VIVANT
  bt_runner PID=14227 VIVANT (Groot Monitor: ZMQ localhost:1666)

[demo-tb4] ╔══════════════════════════════════════════╗
[demo-tb4] ║   Navigation en cours — suivre RViz2     ║
[demo-tb4] ║   Ctrl+C pour arrêter proprement         ║
[demo-tb4] ╚══════════════════════════════════════════╝

[8/8] Exploration autonome (frontier_explorer_node)
/home/julien/projet_robotique_mobile/run/bl/autonomous-search-and-rescue/scripts/sh/run_demo_tb4.sh: line 565: 14200 Killed                  PYTHONPATH="${WS_DIR}/build/rescue_robot:${PYTHONPATH:-}" python3 -c "from rescue_robot.detection.victim_registry_node import main; main()" > "${LOGDIR}/victim_registry.log" 2>&1

══════════════════════════════════════════
         RÉSULTATS DE MISSION
══════════════════════════════════════════
Durée totale (depuis Nav2) : 5m50s

Waypoints:
/home/julien/projet_robotique_mobile/run/bl/autonomous-search-and-rescue/scripts/sh/run_demo_tb4.sh: line 593: 14074 Killed                  PYTHONPATH="${WS_DIR}/build/rescue_robot:${PYTHONPATH:-}" python3 -c "from rescue_robot.results.coverage_evaluator_node import main; main()" > "${LOGDIR}/cov.log" 2>&1
/home/julien/projet_robotique_mobile/run/bl/autonomous-search-and-rescue/scripts/sh/run_demo_tb4.sh: line 593: 14076 Killed                  PYTHONPATH="${WS_DIR}/build/rescue_robot:${PYTHONPATH:-}" python3 -c "from rescue_robot.results.rviz_marker_node import main; main()" > "${LOGDIR}/mrk.log" 2>&1
  Atteints : 0
  Échecs   : 0

Fichiers résultats : /home/julien/projet_robotique_mobile/run/bl/autonomous-search-and-rescue/results/
Logs               : /tmp/ia712_demo_f8XM/
══════════════════════════════════════════

Ces données serviront à l'apprentissage du robot.

[demo-tb4] Arrêt en cours...
[demo-tb4] Arrêt terminé. Logs: /tmp/ia712_demo_f8XM
